<?xml version="1.0" encoding="UTF-8"?>
<!-- Generated by org.testng.reporters.JUnitReportReporter -->
<testsuite hostname="LAPTOP-LVUH6NRB" failures="0" tests="4" name="Calculator" time="18.902" errors="0" timestamp="2023-02-21T23:35:30 IST" skipped="0">
  <testcase classname="Calculator" name="Multification" time="5.717"/>
  <system-out/>
  <testcase classname="Calculator" name="Division" time="4.309"/>
  <system-out/>
  <testcase classname="Calculator" name="Subtraction" time="4.631"/>
  <system-out/>
  <testcase classname="Calculator" name="Addition" time="4.245"/>
  <system-out/>
</testsuite> <!-- Calculator -->
